[0514/132307.346:ERROR:scoped_process_suspend.cc(30)] NtSuspendProcess: Tentative d’accès à un processus en cours d’arrêt.  (0xc000010a)
[0514/132307.480:ERROR:process_info.cc(116)] ReadProcessMemory bool __cdecl crashpad::`anonymous-namespace'::ReadStruct<struct crashpad::process_types::PEB<struct crashpad::process_types::internal::Traits32>>(void *,unsigned __int64,struct crashpad::process_types::PEB<struct crashpad::process_types::internal::Traits32> *): Seule une partie d’une requête ReadProcessMemory ou WriteProcessMemory a été effectuée. (0x12B)
[0514/132307.527:ERROR:process_info.cc(559)] ReadProcessData failed
[0514/132307.527:ERROR:process_reader_win.cc(233)] ReadMemory at 0x75397dc8 of 12 bytes failed: Seule une partie d’une requête ReadProcessMemory ou WriteProcessMemory a été effectuée. (0x12B)
[0514/132307.527:WARNING:process_snapshot_win.cc(68)] ReadMemory ExceptionInformation failed
[0514/132307.527:WARNING:crash_report_exception_handler.cc(60)] ProcessSnapshotWin::Initialize failed
[0514/154657.390:ERROR:process_info.cc(625)] range at 0xfffde000, size 0x230 fully unreadable
[0514/154657.408:ERROR:process_info.cc(625)] range at 0xfffdd000, size 0xf84 fully unreadable
[0514/154657.408:ERROR:process_info.cc(625)] range at 0xfffda000, size 0xf84 fully unreadable
[0514/154657.408:ERROR:process_info.cc(625)] range at 0xfffd7000, size 0xf84 fully unreadable
[0514/154657.408:ERROR:process_info.cc(625)] range at 0xfffaf000, size 0xf84 fully unreadable
[0514/154657.408:ERROR:process_info.cc(625)] range at 0xfffac000, size 0xf84 fully unreadable
[0514/154657.409:ERROR:process_info.cc(625)] range at 0xfffa9000, size 0xf84 fully unreadable
[0514/154657.409:ERROR:process_info.cc(625)] range at 0xfffa6000, size 0xf84 fully unreadable
[0514/154657.409:ERROR:process_info.cc(625)] range at 0xfffa3000, size 0xf84 fully unreadable
[0514/154657.409:ERROR:process_info.cc(625)] range at 0xfffa0000, size 0xf84 fully unreadable
[0514/154657.409:ERROR:process_info.cc(625)] range at 0xfff9d000, size 0xf84 fully unreadable
[0514/154657.409:ERROR:process_info.cc(625)] range at 0xfff9a000, size 0xf84 fully unreadable
[0514/154657.410:ERROR:process_info.cc(625)] range at 0xfff94000, size 0xf84 fully unreadable
[0514/154657.410:ERROR:process_info.cc(625)] range at 0xfff85000, size 0xf84 fully unreadable
[0514/154657.410:ERROR:process_info.cc(625)] range at 0xfff46000, size 0xf84 fully unreadable
[0514/154657.410:ERROR:process_info.cc(625)] range at 0xfff43000, size 0xf84 fully unreadable
[0514/154657.410:ERROR:process_info.cc(625)] range at 0xfff40000, size 0xf84 fully unreadable
[0514/154657.410:ERROR:process_info.cc(625)] range at 0xfff7f000, size 0xf84 fully unreadable
[0514/154657.411:ERROR:process_info.cc(625)] range at 0xfff3d000, size 0xf84 fully unreadable
[0514/154657.411:ERROR:process_info.cc(625)] range at 0xfff3a000, size 0xf84 fully unreadable
[0514/154657.411:ERROR:process_info.cc(625)] range at 0xfff8b000, size 0xf84 fully unreadable
[0514/154657.411:ERROR:process_info.cc(625)] range at 0xfff97000, size 0xf84 fully unreadable
[0514/154657.412:ERROR:process_info.cc(625)] range at 0xfff7c000, size 0xf84 fully unreadable
[0514/154657.412:ERROR:process_info.cc(625)] range at 0xfff79000, size 0xf84 fully unreadable
[0514/154657.412:ERROR:process_info.cc(625)] range at 0xfff91000, size 0xf84 fully unreadable
[0514/154657.413:ERROR:process_info.cc(625)] range at 0xfff8e000, size 0xf84 fully unreadable
[0514/154657.413:ERROR:process_info.cc(625)] range at 0xfff88000, size 0xf84 fully unreadable
[0514/154657.413:ERROR:process_info.cc(625)] range at 0xfff73000, size 0xf84 fully unreadable
[0514/154657.413:ERROR:process_info.cc(625)] range at 0xfff70000, size 0xf84 fully unreadable
[0514/174922.750:ERROR:scoped_process_suspend.cc(30)] NtSuspendProcess: Tentative d’accès à un processus en cours d’arrêt.  (0xc000010a)
[0514/174922.750:ERROR:process_info.cc(116)] ReadProcessMemory bool __cdecl crashpad::`anonymous-namespace'::ReadStruct<struct crashpad::process_types::RTL_USER_PROCESS_PARAMETERS<struct crashpad::process_types::internal::Traits32>>(void *,unsigned __int64,struct crashpad::process_types::RTL_USER_PROCESS_PARAMETERS<struct crashpad::process_types::internal::Traits32> *): Seule une partie d’une requête ReadProcessMemory ou WriteProcessMemory a été effectuée. (0x12B)
[0514/174922.750:ERROR:process_info.cc(559)] ReadProcessData failed
[0514/174922.751:ERROR:process_reader_win.cc(233)] ReadMemory at 0x75397dc8 of 12 bytes failed: Seule une partie d’une requête ReadProcessMemory ou WriteProcessMemory a été effectuée. (0x12B)
[0514/174922.751:WARNING:process_snapshot_win.cc(68)] ReadMemory ExceptionInformation failed
[0514/174922.751:WARNING:crash_report_exception_handler.cc(60)] ProcessSnapshotWin::Initialize failed
